2026-02-04 10:18:46,266 - INFO - Sending MARKET BUY order for BTCUSDT - Quantity: 0.001
2026-02-04 10:18:47,171 - ERROR - Failed to place order: APIError(code=-2015): Invalid API-key, IP, or permissions for action
2026-02-04 10:21:07,140 - INFO - Sending MARKET BUY order for BTCUSDT - Quantity: 0.001
2026-02-04 10:21:08,733 - ERROR - Failed to place order: APIError(code=-4164): Order's notional must be no smaller than 100 (unless you choose reduce only).
2026-02-04 10:22:49,904 - INFO - Sending MARKET BUY order for BTCUSDT - Quantity: 0.002
2026-02-04 10:22:50,750 - INFO - Order successful. Response: {'orderId': 12105674462, 'symbol': 'BTCUSDT', 'status': 'NEW', 'clientOrderId': 'x-Cb7ytekJ8ac8e2be77fbd0c46e7e51', 'price': '0.00', 'avgPrice': '0.00', 'origQty': '0.002', 'executedQty': '0.000', 'cumQty': '0.000', 'cumQuote': '0.00000', 'timeInForce': 'GTC', 'type': 'MARKET', 'reduceOnly': False, 'closePosition': False, 'side': 'BUY', 'positionSide': 'BOTH', 'stopPrice': '0.00', 'workingType': 'CONTRACT_PRICE', 'priceProtect': False, 'origType': 'MARKET', 'priceMatch': 'NONE', 'selfTradePreventionMode': 'EXPIRE_MAKER', 'goodTillDate': 0, 'updateTime': 1770180770412}
2026-02-04 10:23:57,587 - INFO - Sending LIMIT SELL order for BTCUSDT - Quantity: 0.002
2026-02-04 10:23:58,442 - INFO - Order successful. Response: {'orderId': 12105683354, 'symbol': 'BTCUSDT', 'status': 'NEW', 'clientOrderId': 'x-Cb7ytekJ27212fcd4c0ab71e8978fd', 'price': '80000.00', 'avgPrice': '0.00', 'origQty': '0.002', 'executedQty': '0.000', 'cumQty': '0.000', 'cumQuote': '0.00000', 'timeInForce': 'GTC', 'type': 'LIMIT', 'reduceOnly': False, 'closePosition': False, 'side': 'SELL', 'positionSide': 'BOTH', 'stopPrice': '0.00', 'workingType': 'CONTRACT_PRICE', 'priceProtect': False, 'origType': 'LIMIT', 'priceMatch': 'NONE', 'selfTradePreventionMode': 'EXPIRE_MAKER', 'goodTillDate': 0, 'updateTime': 1770180838088}
2026-02-04 10:34:24,017 - INFO - Sending MARKET BUY order for BTCUSDT - Quantity: 0.002
2026-02-04 10:34:24,830 - ERROR - Failed to place order: APIError(code=-2015): Invalid API-key, IP, or permissions for action
2026-02-04 10:34:57,777 - INFO - Sending MARKET BUY order for BTCUSDT - Quantity: 0.002
2026-02-04 10:34:58,596 - ERROR - Failed to place order: APIError(code=-2015): Invalid API-key, IP, or permissions for action
2026-02-04 10:35:02,518 - INFO - Sending MARKET BUY order for BTCUSDT - Quantity: 0.002
2026-02-04 10:35:03,283 - ERROR - Failed to place order: APIError(code=-2015): Invalid API-key, IP, or permissions for action
2026-02-04 10:35:20,375 - INFO - Sending MARKET BUY order for BTCUSDT - Quantity: 0.002
2026-02-04 10:35:21,113 - INFO - Order successful. Response: {'orderId': 12105758717, 'symbol': 'BTCUSDT', 'status': 'NEW', 'clientOrderId': 'x-Cb7ytekJ5765e19bd0c91d39c59a5e', 'price': '0.00', 'avgPrice': '0.00', 'origQty': '0.002', 'executedQty': '0.000', 'cumQty': '0.000', 'cumQuote': '0.00000', 'timeInForce': 'GTC', 'type': 'MARKET', 'reduceOnly': False, 'closePosition': False, 'side': 'BUY', 'positionSide': 'BOTH', 'stopPrice': '0.00', 'workingType': 'CONTRACT_PRICE', 'priceProtect': False, 'origType': 'MARKET', 'priceMatch': 'NONE', 'selfTradePreventionMode': 'EXPIRE_MAKER', 'goodTillDate': 0, 'updateTime': 1770181520768}
2026-02-04 10:35:35,204 - INFO - Sending LIMIT SELL order for BTCUSDT - Quantity: 0.002
2026-02-04 10:35:35,992 - INFO - Order successful. Response: {'orderId': 12105759445, 'symbol': 'BTCUSDT', 'status': 'NEW', 'clientOrderId': 'x-Cb7ytekJ1a4991ed909c359a6d378b', 'price': '80000.00', 'avgPrice': '0.00', 'origQty': '0.002', 'executedQty': '0.000', 'cumQty': '0.000', 'cumQuote': '0.00000', 'timeInForce': 'GTC', 'type': 'LIMIT', 'reduceOnly': False, 'closePosition': False, 'side': 'SELL', 'positionSide': 'BOTH', 'stopPrice': '0.00', 'workingType': 'CONTRACT_PRICE', 'priceProtect': False, 'origType': 'LIMIT', 'priceMatch': 'NONE', 'selfTradePreventionMode': 'EXPIRE_MAKER', 'goodTillDate': 0, 'updateTime': 1770181535647}
2026-02-04 10:46:35,489 - INFO - Sending MARKET BUY order for BTCUSDT - Quantity: 0.002
2026-02-04 10:46:36,302 - ERROR - Failed to place order: APIError(code=-2015): Invalid API-key, IP, or permissions for action
2026-02-04 10:48:39,923 - INFO - Sending MARKET BUY order for BTCUSDT - Quantity: 0.002
2026-02-04 10:48:40,665 - INFO - Order successful. Response: {'orderId': 12105861799, 'symbol': 'BTCUSDT', 'status': 'NEW', 'clientOrderId': 'x-Cb7ytekJf98a9a8e359027089a3e4f', 'price': '0.00', 'avgPrice': '0.00', 'origQty': '0.002', 'executedQty': '0.000', 'cumQty': '0.000', 'cumQuote': '0.00000', 'timeInForce': 'GTC', 'type': 'MARKET', 'reduceOnly': False, 'closePosition': False, 'side': 'BUY', 'positionSide': 'BOTH', 'stopPrice': '0.00', 'workingType': 'CONTRACT_PRICE', 'priceProtect': False, 'origType': 'MARKET', 'priceMatch': 'NONE', 'selfTradePreventionMode': 'EXPIRE_MAKER', 'goodTillDate': 0, 'updateTime': 1770182320408}
2026-02-04 10:49:19,767 - INFO - Sending MARKET BUY order for BTCUSDT - Quantity: 0.002
2026-02-04 10:49:20,678 - INFO - Order successful. Response: {'orderId': 12105868999, 'symbol': 'BTCUSDT', 'status': 'NEW', 'clientOrderId': 'x-Cb7ytekJ48a8988f08da0c88f5fa67', 'price': '0.00', 'avgPrice': '0.00', 'origQty': '0.002', 'executedQty': '0.000', 'cumQty': '0.000', 'cumQuote': '0.00000', 'timeInForce': 'GTC', 'type': 'MARKET', 'reduceOnly': False, 'closePosition': False, 'side': 'BUY', 'positionSide': 'BOTH', 'stopPrice': '0.00', 'workingType': 'CONTRACT_PRICE', 'priceProtect': False, 'origType': 'MARKET', 'priceMatch': 'NONE', 'selfTradePreventionMode': 'EXPIRE_MAKER', 'goodTillDate': 0, 'updateTime': 1770182360416}
